[debug] [2025-09-23T18:21:03.941Z] ----------------------------------------------------------------------
[debug] [2025-09-23T18:21:03.943Z] Command:       /usr/bin/node /home/alvee/.npm-global/bin/firebase deploy
[debug] [2025-09-23T18:21:03.944Z] CLI Version:   14.17.0
[debug] [2025-09-23T18:21:03.944Z] Platform:      linux
[debug] [2025-09-23T18:21:03.944Z] Node Version:  v22.19.0
[debug] [2025-09-23T18:21:03.944Z] Time:          Wed Sep 24 2025 00:21:03 GMT+0600 (Bangladesh Standard Time)
[debug] [2025-09-23T18:21:03.944Z] ----------------------------------------------------------------------
[debug] 
[debug] [2025-09-23T18:21:04.225Z] > command requires scopes: ["email","openid","https://www.googleapis.com/auth/cloudplatformprojects.readonly","https://www.googleapis.com/auth/firebase","https://www.googleapis.com/auth/cloud-platform"]
[debug] [2025-09-23T18:21:04.226Z] > authorizing via FIREBASE_TOKEN environment variable
[warn] ⚠  Authenticating with `FIREBASE_TOKEN` is deprecated and will be removed in a future major version of `firebase-tools`. Instead, use a service account key with `GOOGLE_APPLICATION_CREDENTIALS`: https://cloud.google.com/docs/authentication/getting-started 
[debug] [2025-09-23T18:21:04.227Z] [iam] checking project blzpilot for permissions ["datastore.indexes.create","datastore.indexes.delete","datastore.indexes.list","datastore.indexes.update","firebase.projects.get","firebasehosting.sites.update"]
[debug] [2025-09-23T18:21:04.228Z] No OAuth tokens found
[debug] [2025-09-23T18:21:04.228Z] No OAuth tokens found
[debug] [2025-09-23T18:21:04.229Z] > refreshing access token with scopes: []
[debug] [2025-09-23T18:21:04.231Z] >>> [apiv2][query] POST https://www.googleapis.com/oauth2/v3/token [none]
[debug] [2025-09-23T18:21:04.231Z] >>> [apiv2][body] POST https://www.googleapis.com/oauth2/v3/token [omitted]
[debug] [2025-09-23T18:21:04.621Z] <<< [apiv2][status] POST https://www.googleapis.com/oauth2/v3/token 400
[debug] [2025-09-23T18:21:04.622Z] <<< [apiv2][body] POST https://www.googleapis.com/oauth2/v3/token [omitted]
[debug] [2025-09-23T18:21:04.622Z] >>> [apiv2][query] POST https://cloudresourcemanager.googleapis.com/v1/projects/blzpilot:testIamPermissions [none]
[debug] [2025-09-23T18:21:04.622Z] >>> [apiv2][(partial)header] POST https://cloudresourcemanager.googleapis.com/v1/projects/blzpilot:testIamPermissions x-goog-quota-user=projects/blzpilot
[debug] [2025-09-23T18:21:04.622Z] >>> [apiv2][body] POST https://cloudresourcemanager.googleapis.com/v1/projects/blzpilot:testIamPermissions {"permissions":["datastore.indexes.create","datastore.indexes.delete","datastore.indexes.list","datastore.indexes.update","firebase.projects.get","firebasehosting.sites.update"]}
[debug] [2025-09-23T18:21:06.363Z] <<< [apiv2][status] POST https://cloudresourcemanager.googleapis.com/v1/projects/blzpilot:testIamPermissions 401
[debug] [2025-09-23T18:21:06.363Z] <<< [apiv2][body] POST https://cloudresourcemanager.googleapis.com/v1/projects/blzpilot:testIamPermissions {"error":{"code":401,"message":"Request had invalid authentication credentials. Expected OAuth 2 access token, login cookie or other valid authentication credential. See https://developers.google.com/identity/sign-in/web/devconsole-project.","status":"UNAUTHENTICATED","details":[{"@type":"type.googleapis.com/google.rpc.ErrorInfo","reason":"ACCESS_TOKEN_TYPE_UNSUPPORTED","metadata":{"method":"google.cloudresourcemanager.v1.Projects.TestIamPermissions","service":"cloudresourcemanager.googleapis.com"}}]}}
[debug] [2025-09-23T18:21:06.363Z] Got a 401 Unauthenticated error for a call that required authentication. Refreshing tokens.
[debug] [2025-09-23T18:21:06.364Z] No OAuth tokens found
[debug] [2025-09-23T18:21:06.364Z] No OAuth tokens found
[debug] [2025-09-23T18:21:06.364Z] > refreshing access token with scopes: []
[debug] [2025-09-23T18:21:06.365Z] >>> [apiv2][query] POST https://www.googleapis.com/oauth2/v3/token [none]
[debug] [2025-09-23T18:21:06.365Z] >>> [apiv2][body] POST https://www.googleapis.com/oauth2/v3/token [omitted]
[debug] [2025-09-23T18:21:06.499Z] <<< [apiv2][status] POST https://www.googleapis.com/oauth2/v3/token 400
[debug] [2025-09-23T18:21:06.499Z] <<< [apiv2][body] POST https://www.googleapis.com/oauth2/v3/token [omitted]
[debug] [2025-09-23T18:21:06.502Z] [iam] error while checking permissions, command may fail: Request to https://cloudresourcemanager.googleapis.com/v1/projects/blzpilot:testIamPermissions had HTTP Error: 401, Request had invalid authentication credentials. Expected OAuth 2 access token, login cookie or other valid authentication credential. See https://developers.google.com/identity/sign-in/web/devconsole-project.
[debug] [2025-09-23T18:21:06.505Z] No OAuth tokens found
[debug] [2025-09-23T18:21:06.506Z] >>> [apiv2][query] GET https://firebase.googleapis.com/v1beta1/projects/blzpilot [none]
[debug] [2025-09-23T18:21:06.833Z] <<< [apiv2][status] GET https://firebase.googleapis.com/v1beta1/projects/blzpilot 401
[debug] [2025-09-23T18:21:06.833Z] <<< [apiv2][body] GET https://firebase.googleapis.com/v1beta1/projects/blzpilot {"error":{"code":401,"message":"Request had invalid authentication credentials. Expected OAuth 2 access token, login cookie or other valid authentication credential. See https://developers.google.com/identity/sign-in/web/devconsole-project.","status":"UNAUTHENTICATED"}}
[debug] [2025-09-23T18:21:06.834Z] Got a 401 Unauthenticated error for a call that required authentication. Refreshing tokens.
[debug] [2025-09-23T18:21:06.834Z] No OAuth tokens found
[debug] [2025-09-23T18:21:06.834Z] No OAuth tokens found
[debug] [2025-09-23T18:21:06.834Z] > refreshing access token with scopes: []
[debug] [2025-09-23T18:21:06.835Z] >>> [apiv2][query] POST https://www.googleapis.com/oauth2/v3/token [none]
[debug] [2025-09-23T18:21:06.835Z] >>> [apiv2][body] POST https://www.googleapis.com/oauth2/v3/token [omitted]
[debug] [2025-09-23T18:21:06.958Z] <<< [apiv2][status] POST https://www.googleapis.com/oauth2/v3/token 400
[debug] [2025-09-23T18:21:06.958Z] <<< [apiv2][body] POST https://www.googleapis.com/oauth2/v3/token [omitted]
[debug] [2025-09-23T18:21:06.960Z] Request to https://firebase.googleapis.com/v1beta1/projects/blzpilot had HTTP Error: 401, Request had invalid authentication credentials. Expected OAuth 2 access token, login cookie or other valid authentication credential. See https://developers.google.com/identity/sign-in/web/devconsole-project.
[error] 
[error] Error: Assertion failed: resolving hosting target of a site with no site name or target name. This should have caused an error earlier
